0 info it worked if it ends with ok
1 verbose cli [ '/usr/local/bin/node',
1 verbose cli   '/usr/local/bin/npm',
1 verbose cli   'install',
1 verbose cli   '-g',
1 verbose cli   'nodemon' ]
2 info using npm@1.4.28
3 info using node@v0.13.0-pre
4 verbose cache add [ 'nodemon', null ]
5 verbose cache add name=undefined spec="nodemon" args=["nodemon",null]
6 verbose parsed url { protocol: null,
6 verbose parsed url   slashes: null,
6 verbose parsed url   auth: null,
6 verbose parsed url   host: null,
6 verbose parsed url   port: null,
6 verbose parsed url   hostname: null,
6 verbose parsed url   hash: null,
6 verbose parsed url   search: null,
6 verbose parsed url   query: null,
6 verbose parsed url   pathname: 'nodemon',
6 verbose parsed url   path: 'nodemon',
6 verbose parsed url   href: 'nodemon' }
7 silly lockFile 1625b929-nodemon nodemon
8 verbose lock nodemon /home/azureuser/.npm/1625b929-nodemon.lock
9 silly lockFile 1625b929-nodemon nodemon
10 silly lockFile 1625b929-nodemon nodemon
11 verbose addNamed [ 'nodemon', '' ]
12 verbose addNamed [ null, '*' ]
13 silly lockFile 4f5e51c6-nodemon nodemon@
14 verbose lock nodemon@ /home/azureuser/.npm/4f5e51c6-nodemon.lock
15 silly addNameRange { name: 'nodemon', range: '*', hasData: false }
16 verbose request where is /nodemon
17 verbose request registry https://registry.npmjs.org/
18 verbose request id 1ef5f426c979258e
19 verbose url raw /nodemon
20 verbose url resolving [ 'https://registry.npmjs.org/', './nodemon' ]
21 verbose url resolved https://registry.npmjs.org/nodemon
22 verbose request where is https://registry.npmjs.org/nodemon
23 info trying registry request attempt 1 at 04:51:31
24 http GET https://registry.npmjs.org/nodemon
25 http 200 https://registry.npmjs.org/nodemon
26 silly registry.get cb [ 200,
26 silly registry.get   { date: 'Sun, 14 Dec 2014 04:51:32 GMT',
26 silly registry.get     server: 'CouchDB/1.5.0 (Erlang OTP/R14B04)',
26 silly registry.get     etag: '"22ZCWAIG59UR2ONIOU2IACO6E"',
26 silly registry.get     'content-type': 'application/json',
26 silly registry.get     'cache-control': 'max-age=60',
26 silly registry.get     'content-length': '134332',
26 silly registry.get     'accept-ranges': 'bytes',
26 silly registry.get     via: '1.1 varnish',
26 silly registry.get     age: '0',
26 silly registry.get     'x-served-by': 'cache-ams4137-AMS',
26 silly registry.get     'x-cache': 'HIT',
26 silly registry.get     'x-cache-hits': '1',
26 silly registry.get     'x-timer': 'S1418532691.560045,VS0,VE641',
26 silly registry.get     vary: 'Accept',
26 silly registry.get     connection: 'close' } ]
27 silly addNameRange number 2 { name: 'nodemon', range: '*', hasData: true }
28 silly addNameRange versions [ 'nodemon',
28 silly addNameRange   [ '0.1.4',
28 silly addNameRange     '0.1.5',
28 silly addNameRange     '0.1.6',
28 silly addNameRange     '0.1.7',
28 silly addNameRange     '0.1.8',
28 silly addNameRange     '0.2.0',
28 silly addNameRange     '0.2.1',
28 silly addNameRange     '0.2.2',
28 silly addNameRange     '0.3.0',
28 silly addNameRange     '0.3.1',
28 silly addNameRange     '0.3.2',
28 silly addNameRange     '0.4.0',
28 silly addNameRange     '0.4.1',
28 silly addNameRange     '0.5.0',
28 silly addNameRange     '0.5.1',
28 silly addNameRange     '0.5.2',
28 silly addNameRange     '0.5.3',
28 silly addNameRange     '0.5.4',
28 silly addNameRange     '0.5.5',
28 silly addNameRange     '0.5.6',
28 silly addNameRange     '0.5.7',
28 silly addNameRange     '0.6.0',
28 silly addNameRange     '0.6.1',
28 silly addNameRange     '0.6.2',
28 silly addNameRange     '0.6.3',
28 silly addNameRange     '0.6.4',
28 silly addNameRange     '0.6.5',
28 silly addNameRange     '0.6.6',
28 silly addNameRange     '0.6.7',
28 silly addNameRange     '0.6.8',
28 silly addNameRange     '0.6.9',
28 silly addNameRange     '0.6.10',
28 silly addNameRange     '0.6.11',
28 silly addNameRange     '0.6.12',
28 silly addNameRange     '0.6.13',
28 silly addNameRange     '0.6.14',
28 silly addNameRange     '0.6.15',
28 silly addNameRange     '0.6.16',
28 silly addNameRange     '0.6.17',
28 silly addNameRange     '0.6.18',
28 silly addNameRange     '0.6.19',
28 silly addNameRange     '0.6.20',
28 silly addNameRange     '0.6.21',
28 silly addNameRange     '0.6.22',
28 silly addNameRange     '0.6.23',
28 silly addNameRange     '0.7.0',
28 silly addNameRange     '0.7.1',
28 silly addNameRange     '0.7.2',
28 silly addNameRange     '0.7.3',
28 silly addNameRange     '0.7.4',
28 silly addNameRange     '0.7.5',
28 silly addNameRange     '0.7.6',
28 silly addNameRange     '0.7.7',
28 silly addNameRange     '0.7.8',
28 silly addNameRange     '0.7.10',
28 silly addNameRange     '0.9.0',
28 silly addNameRange     '0.9.1',
28 silly addNameRange     '0.9.2',
28 silly addNameRange     '0.9.3',
28 silly addNameRange     '0.9.5',
28 silly addNameRange     '0.9.6',
28 silly addNameRange     '0.9.7',
28 silly addNameRange     '0.9.10',
28 silly addNameRange     '0.9.11',
28 silly addNameRange     '0.9.12',
28 silly addNameRange     '0.9.14',
28 silly addNameRange     '0.9.16',
28 silly addNameRange     '0.9.17',
28 silly addNameRange     '1.0.0',
28 silly addNameRange     '1.0.1',
28 silly addNameRange     '1.0.2',
28 silly addNameRange     '1.0.2-rc',
28 silly addNameRange     '0.6.10-a',
28 silly addNameRange     '1.0.2-rc3',
28 silly addNameRange     '1.0.2-rc4',
28 silly addNameRange     '1.0.3',
28 silly addNameRange     '1.0.4',
28 silly addNameRange     '1.0.5',
28 silly addNameRange     '1.0.6',
28 silly addNameRange     '1.0.7',
28 silly addNameRange     '1.0.8',
28 silly addNameRange     '1.0.9',
28 silly addNameRange     '1.0.10',
28 silly addNameRange     '1.0.11',
28 silly addNameRange     '1.0.12',
28 silly addNameRange     '1.0.13',
28 silly addNameRange     '1.0.14',
28 silly addNameRange     '1.0.15',
28 silly addNameRange     '1.0.16',
28 silly addNameRange     '1.0.17-rc1',
28 silly addNameRange     '1.0.17-rc2',
28 silly addNameRange     '1.0.17',
28 silly addNameRange     '1.0.18',
28 silly addNameRange     '1.0.19',
28 silly addNameRange     '1.0.20',
28 silly addNameRange     '1.1.0-alpha',
28 silly addNameRange     '1.1.0',
28 silly addNameRange     '1.1.1',
28 silly addNameRange     '1.2.0',
28 silly addNameRange     '1.2.1',
28 silly addNameRange     '1.3.0-0',
28 silly addNameRange     '1.3.0-1',
28 silly addNameRange     '1.3.0-2',
28 silly addNameRange     '1.3.0-3',
28 silly addNameRange     '1.3.0-4',
28 silly addNameRange     '1.3.0-5',
28 silly addNameRange     '1.3.0-6' ] ]
29 verbose addNamed [ 'nodemon', '1.2.1' ]
30 verbose addNamed [ '1.2.1', '1.2.1' ]
31 silly lockFile 891e98f0-nodemon-1-2-1 nodemon@1.2.1
32 verbose lock nodemon@1.2.1 /home/azureuser/.npm/891e98f0-nodemon-1-2-1.lock
33 silly lockFile 85afaeac-js-org-nodemon-nodemon-1-2-1-tgz https://registry.npmjs.org/nodemon/-/nodemon-1.2.1.tgz
34 verbose lock https://registry.npmjs.org/nodemon/-/nodemon-1.2.1.tgz /home/azureuser/.npm/85afaeac-js-org-nodemon-nodemon-1-2-1-tgz.lock
35 verbose addRemoteTarball [ 'https://registry.npmjs.org/nodemon/-/nodemon-1.2.1.tgz',
35 verbose addRemoteTarball   '02a288045652e92350e7d752a8054472ed2c4824' ]
36 info retry fetch attempt 1 at 04:51:31
37 verbose fetch to= /tmp/npm-4057-Y5Ez44qF/registry.npmjs.org/nodemon/-/nodemon-1.2.1.tgz
38 http GET https://registry.npmjs.org/nodemon/-/nodemon-1.2.1.tgz
39 http 200 https://registry.npmjs.org/nodemon/-/nodemon-1.2.1.tgz
40 silly lockFile 85afaeac-js-org-nodemon-nodemon-1-2-1-tgz https://registry.npmjs.org/nodemon/-/nodemon-1.2.1.tgz
41 silly lockFile 85afaeac-js-org-nodemon-nodemon-1-2-1-tgz https://registry.npmjs.org/nodemon/-/nodemon-1.2.1.tgz
42 silly lockFile 891e98f0-nodemon-1-2-1 nodemon@1.2.1
43 silly lockFile 891e98f0-nodemon-1-2-1 nodemon@1.2.1
44 silly lockFile 4f5e51c6-nodemon nodemon@
45 silly lockFile 4f5e51c6-nodemon nodemon@
46 silly resolved [ { name: 'nodemon',
46 silly resolved     homepage: 'http://nodemon.io',
46 silly resolved     author: { name: 'Remy Sharp', url: 'http://github.com/remy' },
46 silly resolved     bin: { nodemon: './bin/nodemon.js' },
46 silly resolved     engines: { node: '>=0.8' },
46 silly resolved     repository: { type: 'git', url: 'http://github.com/remy/nodemon.git' },
46 silly resolved     description: 'Simple monitor script for use during development of a node.js app.',
46 silly resolved     keywords:
46 silly resolved      [ 'monitor',
46 silly resolved        'development',
46 silly resolved        'restart',
46 silly resolved        'autoload',
46 silly resolved        'reload',
46 silly resolved        'terminal' ],
46 silly resolved     version: '1.2.1',
46 silly resolved     preferGlobal: 'true',
46 silly resolved     licenses: [ [Object] ],
46 silly resolved     main: './lib/nodemon',
46 silly resolved     scripts:
46 silly resolved      { coverage: 'istanbul cover _mocha -- --timeout 30000 --ui bdd --reporter list test/**/*.test.js',
46 silly resolved        test: 'node_modules/mocha/bin/_mocha --timeout 30000 --ui bdd test/**/*.test.js',
46 silly resolved        web: 'node web' },
46 silly resolved     devDependencies:
46 silly resolved      { connect: '~2.19.1',
46 silly resolved        mocha: '~1.20.0',
46 silly resolved        should: '~4.0.0',
46 silly resolved        istanbul: '~0.2.10',
46 silly resolved        touch: '~0.0.3',
46 silly resolved        'coffee-script': '~1.7.1' },
46 silly resolved     dependencies:
46 silly resolved      { 'update-notifier': '~0.1.8',
46 silly resolved        minimatch: '~0.3.0',
46 silly resolved        'ps-tree': '~0.0.3' },
46 silly resolved     bugs: { url: 'https://github.com/remy/nodemon/issues' },
46 silly resolved     _id: 'nodemon@1.2.1',
46 silly resolved     dist:
46 silly resolved      { shasum: '02a288045652e92350e7d752a8054472ed2c4824',
46 silly resolved        tarball: 'http://registry.npmjs.org/nodemon/-/nodemon-1.2.1.tgz' },
46 silly resolved     _from: 'nodemon@',
46 silly resolved     _npmVersion: '1.3.24',
46 silly resolved     _npmUser: { name: 'remy', email: 'remy@remysharp.com' },
46 silly resolved     maintainers: [ [Object] ],
46 silly resolved     directories: {},
46 silly resolved     _shasum: '02a288045652e92350e7d752a8054472ed2c4824',
46 silly resolved     _resolved: 'https://registry.npmjs.org/nodemon/-/nodemon-1.2.1.tgz' } ]
47 info install nodemon@1.2.1 into /usr/local/lib
48 info installOne nodemon@1.2.1
49 verbose lib/node_modules/nodemon unbuild
50 verbose tar unpack /home/azureuser/.npm/nodemon/1.2.1/package.tgz
51 silly lockFile 15c6d46c-r-local-lib-node-modules-nodemon tar:///usr/local/lib/node_modules/nodemon
52 verbose lock tar:///usr/local/lib/node_modules/nodemon /home/azureuser/.npm/15c6d46c-r-local-lib-node-modules-nodemon.lock
53 silly lockFile 2d1d7177-er-npm-nodemon-1-2-1-package-tgz tar:///home/azureuser/.npm/nodemon/1.2.1/package.tgz
54 verbose lock tar:///home/azureuser/.npm/nodemon/1.2.1/package.tgz /home/azureuser/.npm/2d1d7177-er-npm-nodemon-1-2-1-package-tgz.lock
55 silly gunzTarPerm modes [ '775', '664' ]
56 error Error: EACCES, mkdir '/usr/local/lib/node_modules/nodemon'
56 error     at Error (native)
56 error  { [Error: EACCES, mkdir '/usr/local/lib/node_modules/nodemon']
56 error   stack: 'Error: EACCES, mkdir \'/usr/local/lib/node_modules/nodemon\'\n    at Error (native)',
56 error   errno: -13,
56 error   code: 'EACCES',
56 error   path: '/usr/local/lib/node_modules/nodemon',
56 error   fstream_type: 'Directory',
56 error   fstream_path: '/usr/local/lib/node_modules/nodemon',
56 error   fstream_class: 'DirWriter',
56 error   fstream_stack:
56 error    [ '/usr/local/lib/node_modules/npm/node_modules/fstream/lib/dir-writer.js:36:23',
56 error      '/usr/local/lib/node_modules/npm/node_modules/mkdirp/index.js:46:53',
56 error      'Object.oncomplete (fs.js:93:15)' ] }
57 error Please try running this command again as root/Administrator.
58 error System Linux 3.13.0-40-generic
59 error command "/usr/local/bin/node" "/usr/local/bin/npm" "install" "-g" "nodemon"
60 error cwd /home/azureuser/code/RedditBot/Node
61 error node -v v0.13.0-pre
62 error npm -v 1.4.28
63 error path /usr/local/lib/node_modules/nodemon
64 error fstream_path /usr/local/lib/node_modules/nodemon
65 error fstream_type Directory
66 error fstream_class DirWriter
67 error code EACCES
68 error errno -13
69 error stack Error: EACCES, mkdir '/usr/local/lib/node_modules/nodemon'
69 error stack     at Error (native)
70 error fstream_stack /usr/local/lib/node_modules/npm/node_modules/fstream/lib/dir-writer.js:36:23
70 error fstream_stack /usr/local/lib/node_modules/npm/node_modules/mkdirp/index.js:46:53
70 error fstream_stack Object.oncomplete (fs.js:93:15)
71 verbose exit [ -13, true ]
